<?xml version="1.0" encoding="UTF-8"?>
<!-- Generated by org.testng.reporters.JUnitReportReporter -->
<testsuite hostname="DESKTOP-V64OAAK" failures="0" tests="2" name="RahulShettyFrameWork.SubmitOrderTest" time="183.535" errors="0" timestamp="26 Aug 2024 09:49:53 GMT" skipped="0">
  <testcase classname="RahulShettyFrameWork.SubmitOrderTest" name="productValidation" time="90.271"/>
  <testcase classname="RahulShettyFrameWork.SubmitOrderTest" name="productValidation" time="93.264"/>
</testsuite> <!-- RahulShettyFrameWork.SubmitOrderTest -->
