<?xml version="1.0" encoding="UTF-8"?>
<!-- Generated by org.testng.reporters.JUnitReportReporter -->
<testsuite hostname="DESKTOP-V64OAAK" failures="0" tests="1" name="RahulShettyFrameWork.ErrorValidation" time="97.652" errors="0" timestamp="26 Aug 2024 12:14:36 GMT" skipped="0">
  <testcase classname="RahulShettyFrameWork.ErrorValidation" name="submitOrder" time="97.652"/>
</testsuite> <!-- RahulShettyFrameWork.ErrorValidation -->
