<?xml version="1.0" encoding="UTF-8"?>
<!-- Generated by org.testng.reporters.JUnitReportReporter -->
<testsuite hostname="DESKTOP-V64OAAK" failures="0" tests="2" name="RahulShettyFrameWork.SubmitOrderTest" time="195.449" errors="0" timestamp="26 Aug 2024 12:14:36 GMT" skipped="0">
  <testcase classname="RahulShettyFrameWork.SubmitOrderTest" name="productValidation" time="114.230"/>
  <testcase classname="RahulShettyFrameWork.SubmitOrderTest" name="productValidation" time="81.219"/>
</testsuite> <!-- RahulShettyFrameWork.SubmitOrderTest -->
